<?xml version="1.0" encoding="UTF-8"?>
<coverage generated="1767589728260" clover="3.2.0">
  <project timestamp="1767589728261" name="All files">
    <metrics statements="27" coveredstatements="26" conditionals="9" coveredconditionals="6" methods="10" coveredmethods="9" elements="46" coveredelements="41" complexity="0" loc="27" ncloc="27" packages="3" files="5" classes="5"/>
    <package name="src">
      <metrics statements="11" coveredstatements="11" conditionals="4" coveredconditionals="2" methods="3" coveredmethods="3"/>
      <file name="FirstStepsApp.tsx" path="C:\Users\Gabriel Cabalceta\Documents\React-Curso\02-first-steps\src\FirstStepsApp.tsx">
        <metrics statements="3" coveredstatements="3" conditionals="0" coveredconditionals="0" methods="2" coveredmethods="2"/>
        <line num="8" count="1" type="stmt"/>
        <line num="15" count="3" type="stmt"/>
        <line num="20" count="9" type="stmt"/>
      </file>
      <file name="MyAwesomeApp.tsx" path="C:\Users\Gabriel Cabalceta\Documents\React-Curso\02-first-steps\src\MyAwesomeApp.tsx">
        <metrics statements="8" coveredstatements="8" conditionals="4" coveredconditionals="2" methods="1" coveredmethods="1"/>
        <line num="12" count="1" type="stmt"/>
        <line num="13" count="1" type="stmt"/>
        <line num="15" count="1" type="stmt"/>
        <line num="16" count="1" type="stmt"/>
        <line num="18" count="1" type="stmt"/>
        <line num="23" count="1" type="stmt"/>
        <line num="30" count="1" type="stmt"/>
        <line num="32" count="4" type="stmt"/>
      </file>
    </package>
    <package name="src.helpers">
      <metrics statements="8" coveredstatements="7" conditionals="0" coveredconditionals="0" methods="4" coveredmethods="3"/>
      <file name="math.helper.ts" path="C:\Users\Gabriel Cabalceta\Documents\React-Curso\02-first-steps\src\helpers\math.helper.ts">
        <metrics statements="8" coveredstatements="7" conditionals="0" coveredconditionals="0" methods="4" coveredmethods="3"/>
        <line num="1" count="1" type="stmt"/>
        <line num="4" count="1" type="stmt"/>
        <line num="7" count="1" type="stmt"/>
        <line num="8" count="1" type="stmt"/>
        <line num="11" count="1" type="stmt"/>
        <line num="12" count="1" type="stmt"/>
        <line num="15" count="1" type="stmt"/>
        <line num="16" count="0" type="stmt"/>
      </file>
    </package>
    <package name="src.shopping-cart">
      <metrics statements="8" coveredstatements="8" conditionals="5" coveredconditionals="4" methods="3" coveredmethods="3"/>
      <file name="ItemCounter.css" path="C:\Users\Gabriel Cabalceta\Documents\React-Curso\02-first-steps\src\shopping-cart\ItemCounter.css">
        <metrics statements="0" coveredstatements="0" conditionals="0" coveredconditionals="0" methods="0" coveredmethods="0"/>
      </file>
      <file name="ItemCounter.tsx" path="C:\Users\Gabriel Cabalceta\Documents\React-Curso\02-first-steps\src\shopping-cart\ItemCounter.tsx">
        <metrics statements="8" coveredstatements="8" conditionals="5" coveredconditionals="4" methods="3" coveredmethods="3"/>
        <line num="9" count="1" type="cond" truecount="1" falsecount="0"/>
        <line num="11" count="8" type="stmt"/>
        <line num="13" count="8" type="stmt"/>
        <line num="14" count="1" type="stmt"/>
        <line num="17" count="8" type="stmt"/>
        <line num="18" count="1" type="cond" truecount="1" falsecount="1"/>
        <line num="19" count="1" type="stmt"/>
        <line num="22" count="8" type="stmt"/>
      </file>
    </package>
  </project>
</coverage>
