{"C:\\Users\\Gabriel Cabalceta\\Documents\\React-Curso\\02-first-steps\\src\\FirstStepsApp.tsx": {"path":"C:\\Users\\Gabriel Cabalceta\\Documents\\React-Curso\\02-first-steps\\src\\FirstStepsApp.tsx","statementMap":{"0":{"start":{"line":8,"column":34},"end":{"line":12,"column":null}},"1":{"start":{"line":15,"column":4},"end":{"line":21,"column":51}},"2":{"start":{"line":20,"column":58},"end":{"line":21,"column":51}}},"fnMap":{"0":{"name":"FirstSteepsApp","decl":{"start":{"line":14,"column":16},"end":{"line":14,"column":null}},"loc":{"start":{"line":14,"column":16},"end":{"line":31,"column":null}},"line":14},"1":{"name":"(anonymous_1)","decl":{"start":{"line":20,"column":32},"end":{"line":20,"column":33}},"loc":{"start":{"line":20,"column":58},"end":{"line":21,"column":51}},"line":20}},"branchMap":{},"s":{"0":1,"1":3,"2":9},"f":{"0":3,"1":9},"b":{},"meta":{"lastBranch":0,"lastFunction":2,"lastStatement":3,"seen":{"s:8:34:12:Infinity":0,"f:14:16:14:Infinity":0,"s:15:4:21:51":1,"f:20:32:20:33":1,"s:20:58:21:51":2}}}
,"C:\\Users\\Gabriel Cabalceta\\Documents\\React-Curso\\02-first-steps\\src\\MyAwesomeApp.tsx": {"path":"C:\\Users\\Gabriel Cabalceta\\Documents\\React-Curso\\02-first-steps\\src\\MyAwesomeApp.tsx","statementMap":{"0":{"start":{"line":12,"column":18},"end":{"line":12,"column":null}},"1":{"start":{"line":13,"column":17},"end":{"line":13,"column":null}},"2":{"start":{"line":15,"column":22},"end":{"line":15,"column":null}},"3":{"start":{"line":16,"column":17},"end":{"line":16,"column":null}},"4":{"start":{"line":18,"column":16},"end":{"line":21,"column":null}},"5":{"start":{"line":23,"column":32},"end":{"line":28,"column":null}},"6":{"start":{"line":30,"column":28},"end":{"line":45,"column":null}},"7":{"start":{"line":32,"column":4},"end":{"line":42,"column":null}}},"fnMap":{"0":{"name":"(anonymous_0)","decl":{"start":{"line":30,"column":28},"end":{"line":30,"column":null}},"loc":{"start":{"line":30,"column":28},"end":{"line":45,"column":null}},"line":30}},"branchMap":{"0":{"loc":{"start":{"line":25,"column":18},"end":{"line":25,"column":null}},"type":"cond-expr","locations":[{"start":{"line":25,"column":29},"end":{"line":25,"column":34}},{"start":{"line":25,"column":34},"end":{"line":25,"column":null}}],"line":25},"1":{"loc":{"start":{"line":40,"column":17},"end":{"line":40,"column":null}},"type":"cond-expr","locations":[{"start":{"line":40,"column":28},"end":{"line":40,"column":39}},{"start":{"line":40,"column":39},"end":{"line":40,"column":null}}],"line":40}},"s":{"0":1,"1":1,"2":1,"3":1,"4":1,"5":1,"6":1,"7":4},"f":{"0":4},"b":{"0":[1,0],"1":[4,0]},"meta":{"lastBranch":2,"lastFunction":1,"lastStatement":8,"seen":{"s:12:18:12:Infinity":0,"s:13:17:13:Infinity":1,"s:15:22:15:Infinity":2,"s:16:17:16:Infinity":3,"s:18:16:21:Infinity":4,"s:23:32:28:Infinity":5,"b:25:29:25:34:25:34:25:Infinity":0,"s:30:28:45:Infinity":6,"f:30:28:30:Infinity":0,"s:32:4:42:Infinity":7,"b:40:28:40:39:40:39:40:Infinity":1}}}
,"C:\\Users\\Gabriel Cabalceta\\Documents\\React-Curso\\02-first-steps\\src\\helpers\\math.helper.ts": {"path":"C:\\Users\\Gabriel Cabalceta\\Documents\\React-Curso\\02-first-steps\\src\\helpers\\math.helper.ts","statementMap":{"0":{"start":{"line":1,"column":19},"end":{"line":5,"column":null}},"1":{"start":{"line":4,"column":4},"end":{"line":4,"column":null}},"2":{"start":{"line":7,"column":24},"end":{"line":9,"column":null}},"3":{"start":{"line":8,"column":4},"end":{"line":8,"column":null}},"4":{"start":{"line":11,"column":24},"end":{"line":13,"column":null}},"5":{"start":{"line":12,"column":4},"end":{"line":12,"column":null}},"6":{"start":{"line":15,"column":22},"end":{"line":17,"column":null}},"7":{"start":{"line":16,"column":4},"end":{"line":16,"column":null}}},"fnMap":{"0":{"name":"(anonymous_0)","decl":{"start":{"line":1,"column":19},"end":{"line":1,"column":20}},"loc":{"start":{"line":1,"column":31},"end":{"line":5,"column":null}},"line":1},"1":{"name":"(anonymous_1)","decl":{"start":{"line":7,"column":24},"end":{"line":7,"column":25}},"loc":{"start":{"line":7,"column":36},"end":{"line":9,"column":null}},"line":7},"2":{"name":"(anonymous_2)","decl":{"start":{"line":11,"column":24},"end":{"line":11,"column":25}},"loc":{"start":{"line":11,"column":36},"end":{"line":13,"column":null}},"line":11},"3":{"name":"(anonymous_3)","decl":{"start":{"line":15,"column":22},"end":{"line":15,"column":23}},"loc":{"start":{"line":15,"column":34},"end":{"line":17,"column":null}},"line":15}},"branchMap":{},"s":{"0":1,"1":1,"2":1,"3":1,"4":1,"5":1,"6":1,"7":0},"f":{"0":1,"1":1,"2":1,"3":0},"b":{},"meta":{"lastBranch":0,"lastFunction":4,"lastStatement":8,"seen":{"s:1:19:5:Infinity":0,"f:1:19:1:20":0,"s:4:4:4:Infinity":1,"s:7:24:9:Infinity":2,"f:7:24:7:25":1,"s:8:4:8:Infinity":3,"s:11:24:13:Infinity":4,"f:11:24:11:25":2,"s:12:4:12:Infinity":5,"s:15:22:17:Infinity":6,"f:15:22:15:23":3,"s:16:4:16:Infinity":7}}}
,"C:\\Users\\Gabriel Cabalceta\\Documents\\React-Curso\\02-first-steps\\src\\shopping-cart\\ItemCounter.css": {"path":"C:\\Users\\Gabriel Cabalceta\\Documents\\React-Curso\\02-first-steps\\src\\shopping-cart\\ItemCounter.css","statementMap":{},"fnMap":{},"branchMap":{},"s":{},"f":{},"b":{},"meta":{"lastBranch":0,"lastFunction":0,"lastStatement":0,"seen":{}}}
,"C:\\Users\\Gabriel Cabalceta\\Documents\\React-Curso\\02-first-steps\\src\\shopping-cart\\ItemCounter.tsx": {"path":"C:\\Users\\Gabriel Cabalceta\\Documents\\React-Curso\\02-first-steps\\src\\shopping-cart\\ItemCounter.tsx","statementMap":{"0":{"start":{"line":9,"column":27},"end":{"line":43,"column":null}},"1":{"start":{"line":11,"column":27},"end":{"line":11,"column":null}},"2":{"start":{"line":13,"column":22},"end":{"line":15,"column":null}},"3":{"start":{"line":14,"column":8},"end":{"line":14,"column":null}},"4":{"start":{"line":17,"column":27},"end":{"line":20,"column":null}},"5":{"start":{"line":18,"column":8},"end":{"line":18,"column":null}},"6":{"start":{"line":18,"column":25},"end":{"line":18,"column":null}},"7":{"start":{"line":19,"column":8},"end":{"line":19,"column":null}},"8":{"start":{"line":22,"column":4},"end":{"line":38,"column":null}}},"fnMap":{"0":{"name":"(anonymous_0)","decl":{"start":{"line":9,"column":27},"end":{"line":9,"column":28}},"loc":{"start":{"line":9,"column":57},"end":{"line":43,"column":null}},"line":9},"1":{"name":"(anonymous_1)","decl":{"start":{"line":13,"column":22},"end":{"line":13,"column":null}},"loc":{"start":{"line":13,"column":22},"end":{"line":15,"column":null}},"line":13},"2":{"name":"(anonymous_2)","decl":{"start":{"line":17,"column":27},"end":{"line":17,"column":null}},"loc":{"start":{"line":17,"column":27},"end":{"line":20,"column":null}},"line":17}},"branchMap":{"0":{"loc":{"start":{"line":9,"column":36},"end":{"line":9,"column":48}},"type":"default-arg","locations":[{"start":{"line":9,"column":47},"end":{"line":9,"column":48}}],"line":9},"1":{"loc":{"start":{"line":18,"column":8},"end":{"line":18,"column":null}},"type":"if","locations":[{"start":{"line":18,"column":8},"end":{"line":18,"column":null}},{"start":{},"end":{}}],"line":18},"2":{"loc":{"start":{"line":34,"column":27},"end":{"line":34,"column":null}},"type":"cond-expr","locations":[{"start":{"line":34,"column":41},"end":{"line":34,"column":49}},{"start":{"line":34,"column":49},"end":{"line":34,"column":null}}],"line":34}},"s":{"0":1,"1":8,"2":8,"3":1,"4":8,"5":1,"6":0,"7":1,"8":8},"f":{"0":8,"1":1,"2":1},"b":{"0":[8],"1":[0,1],"2":[3,5]},"meta":{"lastBranch":3,"lastFunction":3,"lastStatement":9,"seen":{"s:9:27:43:Infinity":0,"f:9:27:9:28":0,"b:9:47:9:48":0,"s:11:27:11:Infinity":1,"s:13:22:15:Infinity":2,"f:13:22:13:Infinity":1,"s:14:8:14:Infinity":3,"s:17:27:20:Infinity":4,"f:17:27:17:Infinity":2,"b:18:8:18:Infinity:undefined:undefined:undefined:undefined":1,"s:18:8:18:Infinity":5,"s:18:25:18:Infinity":6,"s:19:8:19:Infinity":7,"s:22:4:38:Infinity":8,"b:34:41:34:49:34:49:34:Infinity":2}}}
}
